<?xml version="1.0" encoding="UTF-8"?>
<coverage generated="1728146326298" clover="3.2.0">
  <project timestamp="1728146326299" name="All files">
    <metrics statements="16" coveredstatements="15" conditionals="2" coveredconditionals="1" methods="7" coveredmethods="5" elements="25" coveredelements="21" complexity="0" loc="16" ncloc="16" packages="2" files="4" classes="4"/>
    <package name="src.components">
      <metrics statements="6" coveredstatements="5" conditionals="2" coveredconditionals="1" methods="3" coveredmethods="2"/>
      <file name="Contact.js" path="C:\Users\monuk\OneDrive\Desktop\Monu KD\0_FrontEnd Files\React\React-JS-Library\Ep_13_Time_for_the_test\FlavorFusion\src\components\Contact.js">
        <metrics statements="3" coveredstatements="3" conditionals="2" coveredconditionals="1" methods="1" coveredmethods="1"/>
        <line num="5" count="6" type="stmt"/>
        <line num="7" count="6" type="cond" truecount="1" falsecount="1"/>
        <line num="8" count="6" type="stmt"/>
      </file>
      <file name="NoInternet.js" path="C:\Users\monuk\OneDrive\Desktop\Monu KD\0_FrontEnd Files\React\React-JS-Library\Ep_13_Time_for_the_test\FlavorFusion\src\components\NoInternet.js">
        <metrics statements="2" coveredstatements="1" conditionals="0" coveredconditionals="0" methods="1" coveredmethods="0"/>
        <line num="1" count="1" type="stmt"/>
        <line num="2" count="0" type="stmt"/>
      </file>
      <file name="sum.js" path="C:\Users\monuk\OneDrive\Desktop\Monu KD\0_FrontEnd Files\React\React-JS-Library\Ep_13_Time_for_the_test\FlavorFusion\src\components\sum.js">
        <metrics statements="1" coveredstatements="1" conditionals="0" coveredconditionals="0" methods="1" coveredmethods="1"/>
        <line num="1" count="1" type="stmt"/>
      </file>
    </package>
    <package name="utils">
      <metrics statements="10" coveredstatements="10" conditionals="0" coveredconditionals="0" methods="4" coveredmethods="3"/>
      <file name="useOnlineStatus.js" path="C:\Users\monuk\OneDrive\Desktop\Monu KD\0_FrontEnd Files\React\React-JS-Library\Ep_13_Time_for_the_test\FlavorFusion\utils\useOnlineStatus.js">
        <metrics statements="10" coveredstatements="10" conditionals="0" coveredconditionals="0" methods="4" coveredmethods="3"/>
        <line num="45" count="1" type="stmt"/>
        <line num="46" count="6" type="stmt"/>
        <line num="48" count="6" type="stmt"/>
        <line num="49" count="6" type="stmt"/>
        <line num="51" count="6" type="stmt"/>
        <line num="53" count="6" type="stmt"/>
        <line num="55" count="6" type="stmt"/>
        <line num="56" count="6" type="stmt"/>
        <line num="57" count="6" type="stmt"/>
        <line num="61" count="6" type="stmt"/>
      </file>
    </package>
  </project>
</coverage>
