{"C:\\Users\\monuk\\OneDrive\\Desktop\\Monu KD\\0_FrontEnd Files\\React\\React-JS-Library\\Ep_13_Time_for_the_test\\FlavorFusion\\src\\components\\Contact.js": {"path":"C:\\Users\\monuk\\OneDrive\\Desktop\\Monu KD\\0_FrontEnd Files\\React\\React-JS-Library\\Ep_13_Time_for_the_test\\FlavorFusion\\src\\components\\Contact.js","statementMap":{"0":{"start":{"line":5,"column":22},"end":{"line":5,"column":39}},"1":{"start":{"line":7,"column":1},"end":{"line":7,"column":42}},"2":{"start":{"line":7,"column":20},"end":{"line":7,"column":42}},"3":{"start":{"line":8,"column":1},"end":{"line":19,"column":3}}},"fnMap":{"0":{"name":"Contact","decl":{"start":{"line":4,"column":9},"end":{"line":4,"column":16}},"loc":{"start":{"line":4,"column":19},"end":{"line":20,"column":1}},"line":4}},"branchMap":{"0":{"loc":{"start":{"line":7,"column":1},"end":{"line":7,"column":42}},"type":"if","locations":[{"start":{"line":7,"column":1},"end":{"line":7,"column":42}},{"start":{},"end":{}}],"line":7}},"s":{"0":6,"1":6,"2":0,"3":6},"f":{"0":6},"b":{"0":[0,6]},"_coverageSchema":"1a1c01bbd47fc00a2c39e90264f33305004495a9","hash":"2f372d893a6b79b24df5309eb17c92b762241d48"}
,"C:\\Users\\monuk\\OneDrive\\Desktop\\Monu KD\\0_FrontEnd Files\\React\\React-JS-Library\\Ep_13_Time_for_the_test\\FlavorFusion\\src\\components\\NoInternet.js": {"path":"C:\\Users\\monuk\\OneDrive\\Desktop\\Monu KD\\0_FrontEnd Files\\React\\React-JS-Library\\Ep_13_Time_for_the_test\\FlavorFusion\\src\\components\\NoInternet.js","statementMap":{"0":{"start":{"line":1,"column":19},"end":{"line":65,"column":1}},"1":{"start":{"line":2,"column":1},"end":{"line":64,"column":3}}},"fnMap":{"0":{"name":"(anonymous_0)","decl":{"start":{"line":1,"column":19},"end":{"line":1,"column":20}},"loc":{"start":{"line":1,"column":25},"end":{"line":65,"column":1}},"line":1}},"branchMap":{},"s":{"0":1,"1":0},"f":{"0":0},"b":{},"_coverageSchema":"1a1c01bbd47fc00a2c39e90264f33305004495a9","hash":"a476752455cb650056faf536dc89571b2b7af984"}
,"C:\\Users\\monuk\\OneDrive\\Desktop\\Monu KD\\0_FrontEnd Files\\React\\React-JS-Library\\Ep_13_Time_for_the_test\\FlavorFusion\\src\\components\\sum.js": {"path":"C:\\Users\\monuk\\OneDrive\\Desktop\\Monu KD\\0_FrontEnd Files\\React\\React-JS-Library\\Ep_13_Time_for_the_test\\FlavorFusion\\src\\components\\sum.js","statementMap":{"0":{"start":{"line":1,"column":19},"end":{"line":1,"column":34}},"1":{"start":{"line":1,"column":29},"end":{"line":1,"column":34}}},"fnMap":{"0":{"name":"(anonymous_0)","decl":{"start":{"line":1,"column":19},"end":{"line":1,"column":20}},"loc":{"start":{"line":1,"column":29},"end":{"line":1,"column":34}},"line":1}},"branchMap":{},"s":{"0":1,"1":1},"f":{"0":1},"b":{},"_coverageSchema":"1a1c01bbd47fc00a2c39e90264f33305004495a9","hash":"6845e85fca2218616c8ef62cc6cfae3ca1bd7ce2"}
,"C:\\Users\\monuk\\OneDrive\\Desktop\\Monu KD\\0_FrontEnd Files\\React\\React-JS-Library\\Ep_13_Time_for_the_test\\FlavorFusion\\utils\\useOnlineStatus.js": {"path":"C:\\Users\\monuk\\OneDrive\\Desktop\\Monu KD\\0_FrontEnd Files\\React\\React-JS-Library\\Ep_13_Time_for_the_test\\FlavorFusion\\utils\\useOnlineStatus.js","statementMap":{"0":{"start":{"line":45,"column":24},"end":{"line":62,"column":1}},"1":{"start":{"line":46,"column":41},"end":{"line":46,"column":67}},"2":{"start":{"line":48,"column":1},"end":{"line":59,"column":8}},"3":{"start":{"line":49,"column":23},"end":{"line":49,"column":62}},"4":{"start":{"line":49,"column":29},"end":{"line":49,"column":62}},"5":{"start":{"line":51,"column":2},"end":{"line":51,"column":51}},"6":{"start":{"line":53,"column":2},"end":{"line":53,"column":50}},"7":{"start":{"line":55,"column":2},"end":{"line":58,"column":4}},"8":{"start":{"line":56,"column":3},"end":{"line":56,"column":55}},"9":{"start":{"line":57,"column":3},"end":{"line":57,"column":54}},"10":{"start":{"line":61,"column":1},"end":{"line":61,"column":21}}},"fnMap":{"0":{"name":"(anonymous_0)","decl":{"start":{"line":45,"column":24},"end":{"line":45,"column":25}},"loc":{"start":{"line":45,"column":30},"end":{"line":62,"column":1}},"line":45},"1":{"name":"(anonymous_1)","decl":{"start":{"line":48,"column":11},"end":{"line":48,"column":12}},"loc":{"start":{"line":48,"column":17},"end":{"line":59,"column":2}},"line":48},"2":{"name":"(anonymous_2)","decl":{"start":{"line":49,"column":23},"end":{"line":49,"column":24}},"loc":{"start":{"line":49,"column":29},"end":{"line":49,"column":62}},"line":49},"3":{"name":"(anonymous_3)","decl":{"start":{"line":55,"column":9},"end":{"line":55,"column":10}},"loc":{"start":{"line":55,"column":15},"end":{"line":58,"column":3}},"line":55}},"branchMap":{},"s":{"0":1,"1":6,"2":6,"3":6,"4":0,"5":6,"6":6,"7":6,"8":6,"9":6,"10":6},"f":{"0":6,"1":6,"2":0,"3":6},"b":{},"_coverageSchema":"1a1c01bbd47fc00a2c39e90264f33305004495a9","hash":"a446c65302b0d1f1ac0940e1a6ae1681fd6fc26b"}
}
