TN:
SF:src\components\Contact.js
FN:4,Contact
FNF:1
FNH:1
FNDA:6,Contact
DA:5,6
DA:7,6
DA:8,6
LF:3
LH:3
BRDA:7,0,0,0
BRDA:7,0,1,6
BRF:2
BRH:1
end_of_record
TN:
SF:src\components\NoInternet.js
FN:1,(anonymous_0)
FNF:1
FNH:0
FNDA:0,(anonymous_0)
DA:1,1
DA:2,0
LF:2
LH:1
BRF:0
BRH:0
end_of_record
TN:
SF:src\components\sum.js
FN:1,(anonymous_0)
FNF:1
FNH:1
FNDA:1,(anonymous_0)
DA:1,1
LF:1
LH:1
BRF:0
BRH:0
end_of_record
TN:
SF:utils\useOnlineStatus.js
FN:45,(anonymous_0)
FN:48,(anonymous_1)
FN:49,(anonymous_2)
FN:55,(anonymous_3)
FNF:4
FNH:3
FNDA:6,(anonymous_0)
FNDA:6,(anonymous_1)
FNDA:0,(anonymous_2)
FNDA:6,(anonymous_3)
DA:45,1
DA:46,6
DA:48,6
DA:49,6
DA:51,6
DA:53,6
DA:55,6
DA:56,6
DA:57,6
DA:61,6
LF:10
LH:10
BRF:0
BRH:0
end_of_record
